{"level":"info","time":"2026-01-17T16:21:56.396+0800","caller":"server/main.go:76","msg":"Starting Sky-Server","version":"1.0.0","env":"development","port":9090}
{"level":"info","time":"2026-01-17T16:21:56.408+0800","caller":"server/main.go:88","msg":"Database connected successfully"}
{"level":"info","time":"2026-01-17T16:21:56.418+0800","caller":"server/main.go:96","msg":"Redis connected successfully"}
{"level":"info","time":"2026-01-17T16:21:56.418+0800","caller":"server/main.go:103","msg":"Repositories initialized"}
{"level":"info","time":"2026-01-17T16:21:56.418+0800","caller":"server/main.go:107","msg":"JWT utility initialized"}
{"level":"info","time":"2026-01-17T16:21:56.418+0800","caller":"plugins/setup.go:27","msg":"初始化插件系统..."}
{"level":"info","time":"2026-01-17T16:21:56.418+0800","caller":"plugins/setup.go:71","msg":"设置热加载管理器..."}
{"level":"warn","time":"2026-01-17T16:21:56.418+0800","caller":"plugins/setup.go:87","msg":"⚠️  热加载功能不支持当前平台（仅支持 Linux/macOS）"}
{"level":"warn","time":"2026-01-17T16:21:56.418+0800","caller":"plugins/setup.go:88","msg":"💡 建议使用 WSL2 或 Linux 虚拟机来使用热加载功能"}
{"level":"info","time":"2026-01-17T16:21:56.418+0800","caller":"plugins/setup.go:89","msg":"✅ 静态插件功能仍然可用"}
{"level":"info","time":"2026-01-17T16:21:56.418+0800","caller":"plugins/setup.go:63","msg":"Go 钩子函数已自动注册到执行器","count":2,"hooks":["SYS_TABLE_AFTER_CREATE","SYS_TABLE_BEFORE_DELETE"]}
{"level":"info","time":"2026-01-17T16:21:56.418+0800","caller":"plugins/setup.go:107","msg":"已加载插件","hookPoint":"sys_table.after.create","count":1}
{"level":"info","time":"2026-01-17T16:21:56.418+0800","caller":"plugins/setup.go:107","msg":"已加载插件","hookPoint":"sys_table.before.delete","count":1}
{"level":"info","time":"2026-01-17T16:21:56.418+0800","caller":"plugins/setup.go:121","msg":"插件加载完成","totalPlugins":2,"hookPoints":2}
{"level":"info","time":"2026-01-17T16:21:56.418+0800","caller":"plugins/setup.go:49","msg":"插件系统初始化完成"}
{"level":"info","time":"2026-01-17T16:21:56.418+0800","caller":"server/main.go:170","msg":"Initializing file service","uploadDir":"uploads","maxFileSize":21474836480,"maxFileSizeGB":20}
{"level":"info","time":"2026-01-17T16:21:56.418+0800","caller":"server/main.go:184","msg":"WebSocket manager started"}
{"level":"info","time":"2026-01-17T16:21:56.418+0800","caller":"server/main.go:209","msg":"Multipart upload service initialized","defaultChunkSize":20971520,"sessionExpireHours":24}
{"level":"info","time":"2026-01-17T16:21:56.418+0800","caller":"server/main.go:213","msg":"Services initialized"}
[GIN-debug] [WARNING] Running in "debug" mode. Switch to "release" mode in production.
 - using env:	export GIN_MODE=release
 - using code:	gin.SetMode(gin.ReleaseMode)

[GIN-debug] GET    /health                   --> github.com/sky-xhsoft/sky-server/api/router.Setup.func1 (5 handlers)
[GIN-debug] GET    /swagger/*any             --> github.com/swaggo/gin-swagger.CustomWrapHandler.func1 (5 handlers)
[GIN-debug] POST   /api/v1/auth/login        --> github.com/sky-xhsoft/sky-server/api/handler.(*AuthHandler).Login-fm (6 handlers)
[GIN-debug] POST   /api/v1/auth/refresh      --> github.com/sky-xhsoft/sky-server/api/handler.(*AuthHandler).RefreshToken-fm (6 handlers)
[GIN-debug] POST   /api/v1/auth/logout       --> github.com/sky-xhsoft/sky-server/api/handler.(*AuthHandler).Logout-fm (7 handlers)
[GIN-debug] POST   /api/v1/auth/logout-all   --> github.com/sky-xhsoft/sky-server/api/handler.(*AuthHandler).LogoutAll-fm (7 handlers)
[GIN-debug] GET    /api/v1/auth/sessions     --> github.com/sky-xhsoft/sky-server/api/handler.(*AuthHandler).GetActiveSessions-fm (7 handlers)
[GIN-debug] POST   /api/v1/auth/kick-device  --> github.com/sky-xhsoft/sky-server/api/handler.(*AuthHandler).KickDevice-fm (7 handlers)
[GIN-debug] GET    /api/v1/metadata/tables/:tableName --> github.com/sky-xhsoft/sky-server/api/handler.(*MetadataHandler).GetTable-fm (7 handlers)
[GIN-debug] GET    /api/v1/metadata/tables/:tableName/columns --> github.com/sky-xhsoft/sky-server/api/handler.(*MetadataHandler).GetColumns-fm (7 handlers)
[GIN-debug] GET    /api/v1/metadata/tables/:tableName/refs --> github.com/sky-xhsoft/sky-server/api/handler.(*MetadataHandler).GetTableRefs-fm (7 handlers)
[GIN-debug] GET    /api/v1/metadata/tables/:tableName/actions --> github.com/sky-xhsoft/sky-server/api/handler.(*MetadataHandler).GetActions-fm (7 handlers)
[GIN-debug] POST   /api/v1/metadata/refresh  --> github.com/sky-xhsoft/sky-server/api/handler.(*MetadataHandler).RefreshCache-fm (7 handlers)
[GIN-debug] GET    /api/v1/metadata/version  --> github.com/sky-xhsoft/sky-server/api/handler.(*MetadataHandler).GetMetadataVersion-fm (7 handlers)
[GIN-debug] GET    /api/v1/dicts/:dictId/items --> github.com/sky-xhsoft/sky-server/api/handler.(*DictHandler).GetDictItems-fm (7 handlers)
[GIN-debug] GET    /api/v1/dicts/name/:dictName/items --> github.com/sky-xhsoft/sky-server/api/handler.(*DictHandler).GetDictItemsByName-fm (7 handlers)
[GIN-debug] GET    /api/v1/dicts/:dictId/default --> github.com/sky-xhsoft/sky-server/api/handler.(*DictHandler).GetDefaultValue-fm (7 handlers)
[GIN-debug] POST   /api/v1/dicts/refresh     --> github.com/sky-xhsoft/sky-server/api/handler.(*DictHandler).RefreshCache-fm (7 handlers)
[GIN-debug] POST   /api/v1/sequences/:seqName/next --> github.com/sky-xhsoft/sky-server/api/handler.(*SequenceHandler).NextValue-fm (7 handlers)
[GIN-debug] POST   /api/v1/sequences/batch   --> github.com/sky-xhsoft/sky-server/api/handler.(*SequenceHandler).BatchNextValue-fm (7 handlers)
[GIN-debug] GET    /api/v1/sequences/:seqName/current --> github.com/sky-xhsoft/sky-server/api/handler.(*SequenceHandler).GetCurrentValue-fm (7 handlers)
[GIN-debug] POST   /api/v1/sequences/:seqName/reset --> github.com/sky-xhsoft/sky-server/api/handler.(*SequenceHandler).ResetSequence-fm (7 handlers)
[GIN-debug] GET    /api/v1/data/:tableName/:id --> github.com/sky-xhsoft/sky-server/api/handler.(*CrudHandler).GetOne-fm (7 handlers)
[GIN-debug] POST   /api/v1/data/:tableName/query --> github.com/sky-xhsoft/sky-server/api/handler.(*CrudHandler).GetList-fm (7 handlers)
[GIN-debug] POST   /api/v1/data/:tableName   --> github.com/sky-xhsoft/sky-server/api/handler.(*CrudHandler).Create-fm (7 handlers)
[GIN-debug] PUT    /api/v1/data/:tableName/:id --> github.com/sky-xhsoft/sky-server/api/handler.(*CrudHandler).Update-fm (7 handlers)
[GIN-debug] DELETE /api/v1/data/:tableName/:id --> github.com/sky-xhsoft/sky-server/api/handler.(*CrudHandler).Delete-fm (7 handlers)
[GIN-debug] POST   /api/v1/data/:tableName/batch-delete --> github.com/sky-xhsoft/sky-server/api/handler.(*CrudHandler).BatchDelete-fm (7 handlers)
[GIN-debug] GET    /api/v1/actions/:actionId --> github.com/sky-xhsoft/sky-server/api/handler.(*ActionHandler).GetAction-fm (7 handlers)
[GIN-debug] POST   /api/v1/actions/:actionId/execute --> github.com/sky-xhsoft/sky-server/api/handler.(*ActionHandler).ExecuteAction-fm (7 handlers)
[GIN-debug] POST   /api/v1/actions/:actionId/batch-execute --> github.com/sky-xhsoft/sky-server/api/handler.(*ActionHandler).BatchExecuteAction-fm (7 handlers)
[GIN-debug] POST   /api/v1/actions/by-name/:tableName/:actionName/execute --> github.com/sky-xhsoft/sky-server/api/handler.(*ActionHandler).ExecuteActionByName-fm (7 handlers)
[GIN-debug] POST   /api/v1/workflow/definitions --> github.com/sky-xhsoft/sky-server/api/handler.(*WorkflowHandler).CreateDefinition-fm (7 handlers)
[GIN-debug] GET    /api/v1/workflow/definitions --> github.com/sky-xhsoft/sky-server/api/handler.(*WorkflowHandler).ListDefinitions-fm (7 handlers)
[GIN-debug] GET    /api/v1/workflow/definitions/:id --> github.com/sky-xhsoft/sky-server/api/handler.(*WorkflowHandler).GetDefinition-fm (7 handlers)
[GIN-debug] PUT    /api/v1/workflow/definitions/:id --> github.com/sky-xhsoft/sky-server/api/handler.(*WorkflowHandler).UpdateDefinition-fm (7 handlers)
[GIN-debug] POST   /api/v1/workflow/definitions/:id/publish --> github.com/sky-xhsoft/sky-server/api/handler.(*WorkflowHandler).PublishDefinition-fm (7 handlers)
[GIN-debug] POST   /api/v1/workflow/nodes    --> github.com/sky-xhsoft/sky-server/api/handler.(*WorkflowHandler).CreateNode-fm (7 handlers)
[GIN-debug] GET    /api/v1/workflow/nodes    --> github.com/sky-xhsoft/sky-server/api/handler.(*WorkflowHandler).GetNodes-fm (7 handlers)
[GIN-debug] PUT    /api/v1/workflow/nodes/:id --> github.com/sky-xhsoft/sky-server/api/handler.(*WorkflowHandler).UpdateNode-fm (7 handlers)
[GIN-debug] DELETE /api/v1/workflow/nodes/:id --> github.com/sky-xhsoft/sky-server/api/handler.(*WorkflowHandler).DeleteNode-fm (7 handlers)
[GIN-debug] POST   /api/v1/workflow/transitions --> github.com/sky-xhsoft/sky-server/api/handler.(*WorkflowHandler).CreateTransition-fm (7 handlers)
[GIN-debug] GET    /api/v1/workflow/transitions --> github.com/sky-xhsoft/sky-server/api/handler.(*WorkflowHandler).GetTransitions-fm (7 handlers)
[GIN-debug] DELETE /api/v1/workflow/transitions/:id --> github.com/sky-xhsoft/sky-server/api/handler.(*WorkflowHandler).DeleteTransition-fm (7 handlers)
[GIN-debug] POST   /api/v1/workflow/instances/start --> github.com/sky-xhsoft/sky-server/api/handler.(*WorkflowHandler).StartProcess-fm (7 handlers)
[GIN-debug] GET    /api/v1/workflow/instances --> github.com/sky-xhsoft/sky-server/api/handler.(*WorkflowHandler).ListInstances-fm (7 handlers)
[GIN-debug] GET    /api/v1/workflow/instances/:id --> github.com/sky-xhsoft/sky-server/api/handler.(*WorkflowHandler).GetInstance-fm (7 handlers)
[GIN-debug] POST   /api/v1/workflow/instances/:id/terminate --> github.com/sky-xhsoft/sky-server/api/handler.(*WorkflowHandler).TerminateInstance-fm (7 handlers)
[GIN-debug] GET    /api/v1/workflow/tasks/my --> github.com/sky-xhsoft/sky-server/api/handler.(*WorkflowHandler).ListMyTasks-fm (7 handlers)
[GIN-debug] GET    /api/v1/workflow/tasks/:id --> github.com/sky-xhsoft/sky-server/api/handler.(*WorkflowHandler).GetTask-fm (7 handlers)
[GIN-debug] POST   /api/v1/workflow/tasks/complete --> github.com/sky-xhsoft/sky-server/api/handler.(*WorkflowHandler).CompleteTask-fm (7 handlers)
[GIN-debug] POST   /api/v1/workflow/tasks/:id/claim --> github.com/sky-xhsoft/sky-server/api/handler.(*WorkflowHandler).ClaimTask-fm (7 handlers)
[GIN-debug] POST   /api/v1/workflow/tasks/:id/transfer --> github.com/sky-xhsoft/sky-server/api/handler.(*WorkflowHandler).TransferTask-fm (7 handlers)
[GIN-debug] GET    /api/v1/audit/logs        --> github.com/sky-xhsoft/sky-server/api/handler.(*AuditHandler).QueryLogs-fm (7 handlers)
[GIN-debug] GET    /api/v1/audit/logs/:id    --> github.com/sky-xhsoft/sky-server/api/handler.(*AuditHandler).GetLog-fm (7 handlers)
[GIN-debug] GET    /api/v1/audit/users/:userId/logs --> github.com/sky-xhsoft/sky-server/api/handler.(*AuditHandler).GetUserLogs-fm (7 handlers)
[GIN-debug] GET    /api/v1/audit/resources/:resource/:resourceId/logs --> github.com/sky-xhsoft/sky-server/api/handler.(*AuditHandler).GetResourceLogs-fm (7 handlers)
[GIN-debug] GET    /api/v1/audit/statistics  --> github.com/sky-xhsoft/sky-server/api/handler.(*AuditHandler).GetStatistics-fm (7 handlers)
[GIN-debug] POST   /api/v1/audit/clean       --> github.com/sky-xhsoft/sky-server/api/handler.(*AuditHandler).CleanExpiredLogs-fm (7 handlers)
[GIN-debug] POST   /api/v1/groups            --> github.com/sky-xhsoft/sky-server/api/handler.(*GroupsHandler).CreateGroup-fm (7 handlers)
[GIN-debug] GET    /api/v1/groups            --> github.com/sky-xhsoft/sky-server/api/handler.(*GroupsHandler).ListGroups-fm (7 handlers)
[GIN-debug] GET    /api/v1/groups/:id        --> github.com/sky-xhsoft/sky-server/api/handler.(*GroupsHandler).GetGroup-fm (7 handlers)
[GIN-debug] PUT    /api/v1/groups/:id        --> github.com/sky-xhsoft/sky-server/api/handler.(*GroupsHandler).UpdateGroup-fm (7 handlers)
[GIN-debug] DELETE /api/v1/groups/:id        --> github.com/sky-xhsoft/sky-server/api/handler.(*GroupsHandler).DeleteGroup-fm (7 handlers)
[GIN-debug] POST   /api/v1/groups/:id/permissions --> github.com/sky-xhsoft/sky-server/api/handler.(*GroupsHandler).AssignPermissions-fm (7 handlers)
[GIN-debug] GET    /api/v1/groups/:id/permissions --> github.com/sky-xhsoft/sky-server/api/handler.(*GroupsHandler).GetGroupPermissions-fm (7 handlers)
[GIN-debug] POST   /api/v1/groups/users/:userId --> github.com/sky-xhsoft/sky-server/api/handler.(*GroupsHandler).AssignGroupsToUser-fm (7 handlers)
[GIN-debug] GET    /api/v1/groups/users/:userId --> github.com/sky-xhsoft/sky-server/api/handler.(*GroupsHandler).GetUserGroups-fm (7 handlers)
[GIN-debug] POST   /api/v1/permissions/check --> github.com/sky-xhsoft/sky-server/api/handler.(*GroupsHandler).CheckPermission-fm (7 handlers)
[GIN-debug] GET    /api/v1/permissions/user  --> github.com/sky-xhsoft/sky-server/api/handler.(*GroupsHandler).GetUserPermission-fm (7 handlers)
[GIN-debug] POST   /api/v1/directories       --> github.com/sky-xhsoft/sky-server/api/handler.(*DirectoryHandler).CreateDirectory-fm (7 handlers)
[GIN-debug] GET    /api/v1/directories       --> github.com/sky-xhsoft/sky-server/api/handler.(*DirectoryHandler).ListDirectories-fm (7 handlers)
[GIN-debug] GET    /api/v1/directories/tree  --> github.com/sky-xhsoft/sky-server/api/handler.(*DirectoryHandler).GetDirectoryTree-fm (7 handlers)
[GIN-debug] GET    /api/v1/directories/:id   --> github.com/sky-xhsoft/sky-server/api/handler.(*DirectoryHandler).GetDirectory-fm (7 handlers)
[GIN-debug] PUT    /api/v1/directories/:id   --> github.com/sky-xhsoft/sky-server/api/handler.(*DirectoryHandler).UpdateDirectory-fm (7 handlers)
[GIN-debug] DELETE /api/v1/directories/:id   --> github.com/sky-xhsoft/sky-server/api/handler.(*DirectoryHandler).DeleteDirectory-fm (7 handlers)
[GIN-debug] GET    /api/v1/menus/tree        --> github.com/sky-xhsoft/sky-server/api/handler.(*MenuHandler).GetMenuTree-fm (7 handlers)
[GIN-debug] GET    /api/v1/menus/user/tree   --> github.com/sky-xhsoft/sky-server/api/handler.(*MenuHandler).GetUserMenuTree-fm (7 handlers)
[GIN-debug] POST   /api/v1/files/upload      --> github.com/sky-xhsoft/sky-server/api/handler.(*FileHandler).UploadFile-fm (7 handlers)
[GIN-debug] POST   /api/v1/files/upload/multiple --> github.com/sky-xhsoft/sky-server/api/handler.(*FileHandler).UploadMultipleFiles-fm (7 handlers)
[GIN-debug] GET    /api/v1/files/download/:id --> github.com/sky-xhsoft/sky-server/api/handler.(*FileHandler).DownloadFile-fm (7 handlers)
[GIN-debug] GET    /api/v1/files/preview/:id --> github.com/sky-xhsoft/sky-server/api/handler.(*FileHandler).PreviewFile-fm (7 handlers)
[GIN-debug] GET    /api/v1/files/:id         --> github.com/sky-xhsoft/sky-server/api/handler.(*FileHandler).GetFile-fm (7 handlers)
[GIN-debug] POST   /api/v1/files/list        --> github.com/sky-xhsoft/sky-server/api/handler.(*FileHandler).ListFiles-fm (7 handlers)
[GIN-debug] DELETE /api/v1/files/:id         --> github.com/sky-xhsoft/sky-server/api/handler.(*FileHandler).DeleteFile-fm (7 handlers)
[GIN-debug] GET    /api/v1/files/access/:storageName --> github.com/sky-xhsoft/sky-server/api/handler.(*FileHandler).GetFileByPath-fm (7 handlers)
[GIN-debug] POST   /api/v1/messages/send     --> github.com/sky-xhsoft/sky-server/api/handler.(*MessageHandler).SendMessage-fm (7 handlers)
[GIN-debug] POST   /api/v1/messages/send/template --> github.com/sky-xhsoft/sky-server/api/handler.(*MessageHandler).SendTemplateMessage-fm (7 handlers)
[GIN-debug] POST   /api/v1/messages/send/batch --> github.com/sky-xhsoft/sky-server/api/handler.(*MessageHandler).SendBatchMessage-fm (7 handlers)
[GIN-debug] POST   /api/v1/messages/send/all --> github.com/sky-xhsoft/sky-server/api/handler.(*MessageHandler).SendToAll-fm (7 handlers)
[GIN-debug] GET    /api/v1/messages/:id      --> github.com/sky-xhsoft/sky-server/api/handler.(*MessageHandler).GetMessage-fm (7 handlers)
[GIN-debug] POST   /api/v1/messages/list     --> github.com/sky-xhsoft/sky-server/api/handler.(*MessageHandler).ListUserMessages-fm (7 handlers)
[GIN-debug] GET    /api/v1/messages/unread/count --> github.com/sky-xhsoft/sky-server/api/handler.(*MessageHandler).GetUnreadCount-fm (7 handlers)
[GIN-debug] GET    /api/v1/messages/unread/list --> github.com/sky-xhsoft/sky-server/api/handler.(*MessageHandler).GetUnreadMessages-fm (7 handlers)
[GIN-debug] POST   /api/v1/messages/:id/read --> github.com/sky-xhsoft/sky-server/api/handler.(*MessageHandler).MarkAsRead-fm (7 handlers)
[GIN-debug] POST   /api/v1/messages/read-all --> github.com/sky-xhsoft/sky-server/api/handler.(*MessageHandler).MarkAllAsRead-fm (7 handlers)
[GIN-debug] POST   /api/v1/messages/:id/star --> github.com/sky-xhsoft/sky-server/api/handler.(*MessageHandler).StarMessage-fm (7 handlers)
[GIN-debug] POST   /api/v1/messages/:id/archive --> github.com/sky-xhsoft/sky-server/api/handler.(*MessageHandler).ArchiveMessage-fm (7 handlers)
[GIN-debug] DELETE /api/v1/messages/:id      --> github.com/sky-xhsoft/sky-server/api/handler.(*MessageHandler).DeleteMessage-fm (7 handlers)
[GIN-debug] GET    /api/v1/cloud/items       --> github.com/sky-xhsoft/sky-server/api/handler.(*CloudItemHandler).ListItems-fm (7 handlers)
[GIN-debug] POST   /api/v1/cloud/items       --> github.com/sky-xhsoft/sky-server/api/handler.(*CloudItemHandler).CreateItem-fm (7 handlers)
[GIN-debug] DELETE /api/v1/cloud/items/:id   --> github.com/sky-xhsoft/sky-server/api/handler.(*CloudItemHandler).DeleteItem-fm (7 handlers)
[GIN-debug] PUT    /api/v1/cloud/items/:id/rename --> github.com/sky-xhsoft/sky-server/api/handler.(*CloudItemHandler).RenameItem-fm (7 handlers)
[GIN-debug] PUT    /api/v1/cloud/items/:id/move --> github.com/sky-xhsoft/sky-server/api/handler.(*CloudItemHandler).MoveItem-fm (7 handlers)
[GIN-debug] POST   /api/v1/cloud/items/batch/delete --> github.com/sky-xhsoft/sky-server/api/handler.(*CloudItemHandler).BatchDelete-fm (7 handlers)
[GIN-debug] POST   /api/v1/cloud/items/batch/move --> github.com/sky-xhsoft/sky-server/api/handler.(*CloudItemHandler).BatchMove-fm (7 handlers)
[GIN-debug] POST   /api/v1/cloud/folders     --> github.com/sky-xhsoft/sky-server/api/handler.(*CloudHandler).CreateFolder-fm (8 handlers)
[GIN-debug] GET    /api/v1/cloud/folders     --> github.com/sky-xhsoft/sky-server/api/handler.(*CloudHandler).ListFolders-fm (8 handlers)
[GIN-debug] GET    /api/v1/cloud/folders/tree --> github.com/sky-xhsoft/sky-server/api/handler.(*CloudHandler).GetFolderTree-fm (8 handlers)
[GIN-debug] GET    /api/v1/cloud/folders/content --> github.com/sky-xhsoft/sky-server/api/handler.(*CloudHandler).GetFolderContent-fm (8 handlers)
[GIN-debug] DELETE /api/v1/cloud/folders/:id --> github.com/sky-xhsoft/sky-server/api/handler.(*CloudHandler).DeleteFolder-fm (8 handlers)
[GIN-debug] PUT    /api/v1/cloud/folders/:id/rename --> github.com/sky-xhsoft/sky-server/api/handler.(*CloudHandler).RenameFolder-fm (8 handlers)
[GIN-debug] POST   /api/v1/cloud/files/upload --> github.com/sky-xhsoft/sky-server/api/handler.(*CloudHandler).UploadFile-fm (7 handlers)
[GIN-debug] GET    /api/v1/cloud/files/:id/download --> github.com/sky-xhsoft/sky-server/api/handler.(*CloudHandler).DownloadFile-fm (7 handlers)
[GIN-debug] DELETE /api/v1/cloud/files/:id   --> github.com/sky-xhsoft/sky-server/api/handler.(*CloudHandler).DeleteFile-fm (8 handlers)
[GIN-debug] PUT    /api/v1/cloud/files/:id/move --> github.com/sky-xhsoft/sky-server/api/handler.(*CloudHandler).MoveFile-fm (8 handlers)
[GIN-debug] PUT    /api/v1/cloud/files/:id/rename --> github.com/sky-xhsoft/sky-server/api/handler.(*CloudHandler).RenameFile-fm (8 handlers)
[GIN-debug] GET    /api/v1/cloud/files       --> github.com/sky-xhsoft/sky-server/api/handler.(*CloudHandler).ListFiles-fm (8 handlers)
[GIN-debug] POST   /api/v1/cloud/files/multipart/init --> github.com/sky-xhsoft/sky-server/api/handler.(*MultipartUploadHandler).InitUpload-fm (7 handlers)
[GIN-debug] POST   /api/v1/cloud/files/multipart/upload --> github.com/sky-xhsoft/sky-server/api/handler.(*MultipartUploadHandler).UploadChunk-fm (7 handlers)
[GIN-debug] GET    /api/v1/cloud/files/multipart/status --> github.com/sky-xhsoft/sky-server/api/handler.(*MultipartUploadHandler).GetUploadStatus-fm (7 handlers)
[GIN-debug] POST   /api/v1/cloud/files/multipart/complete --> github.com/sky-xhsoft/sky-server/api/handler.(*MultipartUploadHandler).CompleteUpload-fm (7 handlers)
[GIN-debug] DELETE /api/v1/cloud/files/multipart/:sessionId --> github.com/sky-xhsoft/sky-server/api/handler.(*MultipartUploadHandler).AbortUpload-fm (7 handlers)
[GIN-debug] POST   /api/v1/cloud/files/multipart/resume --> github.com/sky-xhsoft/sky-server/api/handler.(*MultipartUploadHandler).ResumeUpload-fm (7 handlers)
[GIN-debug] POST   /api/v1/cloud/shares      --> github.com/sky-xhsoft/sky-server/api/handler.(*CloudHandler).CreateShare-fm (7 handlers)
[GIN-debug] GET    /api/v1/cloud/shares/:code --> github.com/sky-xhsoft/sky-server/api/handler.(*CloudHandler).GetShareInfo-fm (7 handlers)
[GIN-debug] POST   /api/v1/cloud/shares/:code/access --> github.com/sky-xhsoft/sky-server/api/handler.(*CloudHandler).AccessShare-fm (7 handlers)
[GIN-debug] DELETE /api/v1/cloud/shares/:id  --> github.com/sky-xhsoft/sky-server/api/handler.(*CloudHandler).CancelShare-fm (7 handlers)
[GIN-debug] GET    /api/v1/cloud/quota       --> github.com/sky-xhsoft/sky-server/api/handler.(*CloudHandler).GetUserQuota-fm (7 handlers)
[GIN-debug] POST   /api/v1/cloud/batch/delete --> github.com/sky-xhsoft/sky-server/api/handler.(*CloudHandler).BatchDelete-fm (8 handlers)
[GIN-debug] POST   /api/v1/cloud/batch/move  --> github.com/sky-xhsoft/sky-server/api/handler.(*CloudHandler).BatchMove-fm (8 handlers)
[GIN-debug] GET    /api/v1/ws/messages       --> github.com/sky-xhsoft/sky-server/api/handler.(*WebSocketHandler).HandleConnection-fm (7 handlers)
[GIN-debug] GET    /api/v1/ws/online/users   --> github.com/sky-xhsoft/sky-server/api/handler.(*WebSocketHandler).GetOnlineUsers-fm (7 handlers)
[GIN-debug] GET    /api/v1/ws/online/check   --> github.com/sky-xhsoft/sky-server/api/handler.(*WebSocketHandler).CheckUserOnline-fm (7 handlers)
[GIN-debug] POST   /api/v1/ws/broadcast      --> github.com/sky-xhsoft/sky-server/api/handler.(*WebSocketHandler).BroadcastMessage-fm (7 handlers)
[GIN-debug] GET    /api/v1/ping              --> github.com/sky-xhsoft/sky-server/api/router.Setup.func2 (6 handlers)
{"level":"info","time":"2026-01-17T16:21:56.418+0800","caller":"server/main.go:244","msg":"Routes registered successfully"}
{"level":"info","time":"2026-01-17T16:21:56.418+0800","caller":"server/main.go:251","msg":"分片上传清理任务已启动","intervalSeconds":3600}
{"level":"info","time":"2026-01-17T16:21:56.418+0800","caller":"server/main.go:272","msg":"Server started","port":9090}
{"level":"info","time":"2026-01-17T16:24:46.316+0800","caller":"logger/logger.go:187","msg":"F:/work/golang/src/github.com/sky-xhsoft/sky-server/api/middleware/domain_tenant.go:32\n[2.026ms] [rows:1] SELECT * FROM `sys_company` WHERE DOMAIN = 'localhost' AND IS_ACTIVE = 'Y' ORDER BY `sys_company`.`id` LIMIT 1"}
{"level":"info","time":"2026-01-17T16:24:46.316+0800","caller":"middleware/logger.go:25","msg":"HTTP请求","status":200,"method":"GET","path":"/api/v1/ping","query":"","ip":"::1","user-agent":"curl/8.6.0","latency":0.0025345,"error":""}
{"level":"info","time":"2026-01-17T16:24:46.440+0800","caller":"logger/logger.go:187","msg":"F:/work/golang/src/github.com/sky-xhsoft/sky-server/internal/service/audit/audit_service.go:180\n[4.085ms] [rows:1] INSERT INTO `audit_log` (`USER_ID`,`USERNAME`,`ACTION`,`RESOURCE`,`RESOURCE_ID`,`RESOURCE_NAME`,`METHOD`,`PATH`,`IP`,`USER_AGENT`,`STATUS`,`ERROR_MESSAGE`,`REQUEST_BODY`,`RESPONSE_BODY`,`OLD_VALUE`,`NEW_VALUE`,`DURATION`,`TAGS`,`CREATED_AT`,`SYS_COMPANY_ID`) VALUES (0,'','read','unknown','','','GET','/api/v1/ping','::1','curl/8.6.0','success','','','','','',0,'','2026-01-17 16:24:46.314',0)"}
{"level":"info","time":"2026-01-17T16:35:42.701+0800","caller":"logger/logger.go:187","msg":"F:/work/golang/src/github.com/sky-xhsoft/sky-server/api/middleware/domain_tenant.go:32\n[0.631ms] [rows:1] SELECT * FROM `sys_company` WHERE DOMAIN = 'localhost' AND IS_ACTIVE = 'Y' ORDER BY `sys_company`.`id` LIMIT 1"}
{"level":"info","time":"2026-01-17T16:35:42.701+0800","caller":"middleware/logger.go:25","msg":"HTTP请求","status":200,"method":"GET","path":"/api/v1/ping","query":"","ip":"::1","user-agent":"curl/8.6.0","latency":0.0006307,"error":""}
{"level":"info","time":"2026-01-17T16:35:46.520+0800","caller":"logger/logger.go:187","msg":"F:/work/golang/src/github.com/sky-xhsoft/sky-server/internal/service/audit/audit_service.go:180\n[3.987ms] [rows:1] INSERT INTO `audit_log` (`USER_ID`,`USERNAME`,`ACTION`,`RESOURCE`,`RESOURCE_ID`,`RESOURCE_NAME`,`METHOD`,`PATH`,`IP`,`USER_AGENT`,`STATUS`,`ERROR_MESSAGE`,`REQUEST_BODY`,`RESPONSE_BODY`,`OLD_VALUE`,`NEW_VALUE`,`DURATION`,`TAGS`,`CREATED_AT`,`SYS_COMPANY_ID`) VALUES (0,'','read','unknown','','','GET','/api/v1/ping','::1','curl/8.6.0','success','','','','','',0,'','2026-01-17 16:35:42.7',0)"}
